<?xml version="1.0" encoding="UTF-8"?>
<testsuite name="ru.nsu.mikiyanskiy.AdjacencyMatrixGraphTest" tests="7" skipped="0" failures="0" errors="0" timestamp="2024-11-25T05:42:09" hostname="Air-Artem.Dlink" time="0.018">
  <properties/>
  <testcase name="testReadFromFile()" classname="ru.nsu.mikiyanskiy.AdjacencyMatrixGraphTest" time="0.01"/>
  <testcase name="testAddEdge()" classname="ru.nsu.mikiyanskiy.AdjacencyMatrixGraphTest" time="0.0"/>
  <testcase name="testRemoveVertex()" classname="ru.nsu.mikiyanskiy.AdjacencyMatrixGraphTest" time="0.001"/>
  <testcase name="testRemoveEdge()" classname="ru.nsu.mikiyanskiy.AdjacencyMatrixGraphTest" time="0.0"/>
  <testcase name="testAddVertex()" classname="ru.nsu.mikiyanskiy.AdjacencyMatrixGraphTest" time="0.0"/>
  <testcase name="testGetNeighbors()" classname="ru.nsu.mikiyanskiy.AdjacencyMatrixGraphTest" time="0.001"/>
  <testcase name="testTopologicalSort()" classname="ru.nsu.mikiyanskiy.AdjacencyMatrixGraphTest" time="0.002"/>
  <system-out><![CDATA[]]></system-out>
  <system-err><![CDATA[]]></system-err>
</testsuite>
