<?xml version="1.0" encoding="UTF-8"?>
<testsuite name="ru.nsu.mikiyanskiy.model.ModelOfGameTest" tests="8" skipped="0" failures="0" errors="0" timestamp="2025-05-05T06:42:02" hostname="MacBook-Air-Artem-3.local" time="0.007">
  <properties/>
  <testcase name="testUpdateGameOverWhenHitsWall()" classname="ru.nsu.mikiyanskiy.model.ModelOfGameTest" time="0.002"/>
  <testcase name="testFoodSpawnedInitially()" classname="ru.nsu.mikiyanskiy.model.ModelOfGameTest" time="0.001"/>
  <testcase name="testUpdateEatsFood()" classname="ru.nsu.mikiyanskiy.model.ModelOfGameTest" time="0.0"/>
  <testcase name="testInitialSnakePosition()" classname="ru.nsu.mikiyanskiy.model.ModelOfGameTest" time="0.0"/>
  <testcase name="testUpdateMovesSnake()" classname="ru.nsu.mikiyanskiy.model.ModelOfGameTest" time="0.0"/>
  <testcase name="testVictoryCondition()" classname="ru.nsu.mikiyanskiy.model.ModelOfGameTest" time="0.0"/>
  <testcase name="testGameFieldDimensions()" classname="ru.nsu.mikiyanskiy.model.ModelOfGameTest" time="0.0"/>
  <testcase name="testFoodNotOnSnake()" classname="ru.nsu.mikiyanskiy.model.ModelOfGameTest" time="0.001"/>
  <system-out><![CDATA[]]></system-out>
  <system-err><![CDATA[]]></system-err>
</testsuite>
