<?xml version="1.0" encoding="UTF-8"?>
<testsuite name="ru.nsu.mikiyanskiy.controller.ConfigurationControllerTest" tests="6" skipped="0" failures="0" errors="0" timestamp="2025-05-05T06:42:02" hostname="MacBook-Air-Artem-3.local" time="0.032">
  <properties/>
  <testcase name="testTooManyColumns()" classname="ru.nsu.mikiyanskiy.controller.ConfigurationControllerTest" time="0.024"/>
  <testcase name="testInvalidFood()" classname="ru.nsu.mikiyanskiy.controller.ConfigurationControllerTest" time="0.0"/>
  <testcase name="testTooFewRows()" classname="ru.nsu.mikiyanskiy.controller.ConfigurationControllerTest" time="0.004"/>
  <testcase name="testValidConfig()" classname="ru.nsu.mikiyanskiy.controller.ConfigurationControllerTest" time="0.001"/>
  <testcase name="testInvalidWinLength()" classname="ru.nsu.mikiyanskiy.controller.ConfigurationControllerTest" time="0.0"/>
  <testcase name="testEdgeValues()" classname="ru.nsu.mikiyanskiy.controller.ConfigurationControllerTest" time="0.0"/>
  <system-out><![CDATA[]]></system-out>
  <system-err><![CDATA[]]></system-err>
</testsuite>
