<?xml version="1.0" encoding="UTF-8"?>
<testsuite name="ru.nsu.mikiyanskiy.model.SnakeTest" tests="8" skipped="0" failures="0" errors="0" timestamp="2025-05-05T06:42:02" hostname="MacBook-Air-Artem-3.local" time="0.004">
  <properties/>
  <testcase name="testGetNextHeadPositionRight()" classname="ru.nsu.mikiyanskiy.model.SnakeTest" time="0.001"/>
  <testcase name="testIsCollidingTrue()" classname="ru.nsu.mikiyanskiy.model.SnakeTest" time="0.0"/>
  <testcase name="testGetNextHeadPositionAfterDirectionChange()" classname="ru.nsu.mikiyanskiy.model.SnakeTest" time="0.0"/>
  <testcase name="testInitialHead()" classname="ru.nsu.mikiyanskiy.model.SnakeTest" time="0.0"/>
  <testcase name="testDirectionChangeValid()" classname="ru.nsu.mikiyanskiy.model.SnakeTest" time="0.001"/>
  <testcase name="testMoveWithoutGrowth()" classname="ru.nsu.mikiyanskiy.model.SnakeTest" time="0.0"/>
  <testcase name="testIsCollidingFalse()" classname="ru.nsu.mikiyanskiy.model.SnakeTest" time="0.001"/>
  <testcase name="testMoveWithGrowth()" classname="ru.nsu.mikiyanskiy.model.SnakeTest" time="0.0"/>
  <system-out><![CDATA[]]></system-out>
  <system-err><![CDATA[]]></system-err>
</testsuite>
