<?xml version="1.0" encoding="UTF-8"?>
<testsuite name="PizzaTest" tests="1" skipped="0" failures="0" errors="0" timestamp="2025-03-02T07:53:36" hostname="MacBook-Air-Artem.local" time="12.201">
  <properties/>
  <testcase name="pizzaTest()" classname="PizzaTest" time="12.201"/>
  <system-out><![CDATA[[Order: 103] [cooking] , by baker id 1 , Time: 1740902017055
[Order: 100] [cooking] , by baker id 3 , Time: 1740902017055
[Order: 101] [cooking] , by baker id 4 , Time: 1740902017055
[Order: 102] [cooking] , by baker id 2 , Time: 1740902017055
[Order: 103] [finished cooking] , by baker id 1 , Time: 1740902019064
[Order: 103] [transferred to the warehouse] , by baker with id 1 , Time: 1740902019065
[Order: 104] [cooking] , by baker id 1 , Time: 1740902019066
[Order: 103] [delivering] , by Courier with id 2 , Time: 1740902019066
[Order: 101] [finished cooking] , by baker id 4 , Time: 1740902020064
[Order: 101] [transferred to the warehouse] , by baker with id 4 , Time: 1740902020065
[Order: 105] [cooking] , by baker id 4 , Time: 1740902020065
[Order: 101] [delivering] , by Courier with id 1 , Time: 1740902020065
[Order: 102] [finished cooking] , by baker id 2 , Time: 1740902021064
[Order: 102] [transferred to the warehouse] , by baker with id 2 , Time: 1740902021064
[Order: 102] [delivering] , by Courier with id 4 , Time: 1740902021065
[Order: 104] [finished cooking] , by baker id 1 , Time: 1740902021071
[Order: 104] [transferred to the warehouse] , by baker with id 1 , Time: 1740902021071
[Order: 103] [delivered to customer] , by Courier with id 2 , Time: 1740902021071
[Order: 104] [delivering] , by Courier with id 2 , Time: 1740902021072
[Order: 100] [finished cooking] , by baker id 3 , Time: 1740902022064
[Order: 100] [transferred to the warehouse] , by baker with id 3 , Time: 1740902022064
[Order: 100] [delivering] , by Courier with id 3 , Time: 1740902022065
[Order: 101] [delivered to customer] , by Courier with id 1 , Time: 1740902022067
[Order: 102] [delivered to customer] , by Courier with id 4 , Time: 1740902023070
[Order: 105] [finished cooking] , by baker id 4 , Time: 1740902023071
[Order: 105] [transferred to the warehouse] , by baker with id 4 , Time: 1740902023071
[Order: 105] [delivering] , by Courier with id 1 , Time: 1740902023071
[Order: 104] [delivered to customer] , by Courier with id 2 , Time: 1740902023077
[Order: 100] [delivered to customer] , by Courier with id 3 , Time: 1740902024070
[Order: 105] [delivered to customer] , by Courier with id 1 , Time: 1740902025077
Baker with id 3 has finished the working day
Courier with id 3 has finished the working day
Baker with id 4 has finished the working day
Baker with id 2 has finished the working day
Courier with id 4 has finished the working day
Courier with id 1 has finished the working day
Courier with id 2 has finished the working day
Baker with id 1 has finished the working day
Orders that remained in the Warehouse: []
Unprocessed orders that remained in the queue: []
]]></system-out>
  <system-err><![CDATA[]]></system-err>
</testsuite>
